<?xml version="1.0" encoding="UTF-8"?>
<!-- Generated by org.testng.reporters.JUnitXMLReporter -->
<testsuite ignored="0" hostname="IBM-PF42VRSR" failures="0" tests="7" name="Default test" time="24.445" errors="0" timestamp="2024-06-03T20:10:54 IST">
  <testcase classname="Automation_Testing.CRM.activity1" name="task1" time="3.888"/>
  <testcase classname="Automation_Testing.CRM.activity1" name="task2" time="2.821"/>
  <testcase classname="Automation_Testing.CRM.activity1" name="task3" time="2.453"/>
  <testcase classname="Automation_Testing.CRM.activity1" name="task4" time="3.762"/>
  <testcase classname="Automation_Testing.CRM.activity1" name="task5" time="3.566"/>
  <testcase classname="Automation_Testing.CRM.activity1" name="task6" time="4.13"/>
  <testcase classname="Automation_Testing.CRM.activity1" name="task7" time="3.791"/>
</testsuite> <!-- Default test -->
