<?xml version="1.0" encoding="UTF-8"?>
<testng-results ignored="0" total="1" passed="1" failed="0" skipped="0">
  <reporter-output>
  </reporter-output>
  <suite started-at="2024-06-03T21:24:36 IST" name="Default suite" finished-at="2024-06-03T21:24:52 IST" duration-ms="15935">
    <groups>
    </groups>
    <test started-at="2024-06-03T21:24:36 IST" name="Default test" finished-at="2024-06-03T21:24:52 IST" duration-ms="15935">
      <class name="Automation_Testing.CRM.activity2">
        <test-method signature="task2()[pri:0, instance:Automation_Testing.CRM.activity2@7205765b]" started-at="2024-06-03T21:24:36 IST" name="task2" finished-at="2024-06-03T21:24:52 IST" duration-ms="15902" status="PASS">
          <reporter-output>
          </reporter-output>
        </test-method> <!-- task2 -->
      </class> <!-- Automation_Testing.CRM.activity2 -->
    </test> <!-- Default test -->
  </suite> <!-- Default suite -->
</testng-results>
