<?xml version="1.0" encoding="UTF-8"?>
<testng-results ignored="0" total="7" passed="7" failed="0" skipped="0">
  <reporter-output>
  </reporter-output>
  <suite started-at="2024-06-03T20:10:30 IST" name="Default suite" finished-at="2024-06-03T20:10:54 IST" duration-ms="24445">
    <groups>
    </groups>
    <test started-at="2024-06-03T20:10:30 IST" name="Default test" finished-at="2024-06-03T20:10:54 IST" duration-ms="24445">
      <class name="Automation_Testing.CRM.activity1">
        <test-method signature="task1()[pri:0, instance:Automation_Testing.CRM.activity1@611889f4]" started-at="2024-06-03T20:10:30 IST" name="task1" finished-at="2024-06-03T20:10:34 IST" duration-ms="3888" status="PASS">
          <reporter-output>
          </reporter-output>
        </test-method> <!-- task1 -->
        <test-method signature="task2()[pri:0, instance:Automation_Testing.CRM.activity1@611889f4]" started-at="2024-06-03T20:10:34 IST" name="task2" finished-at="2024-06-03T20:10:36 IST" duration-ms="2821" status="PASS">
          <reporter-output>
          </reporter-output>
        </test-method> <!-- task2 -->
        <test-method signature="task3()[pri:0, instance:Automation_Testing.CRM.activity1@611889f4]" started-at="2024-06-03T20:10:36 IST" name="task3" finished-at="2024-06-03T20:10:39 IST" duration-ms="2453" status="PASS">
          <reporter-output>
          </reporter-output>
        </test-method> <!-- task3 -->
        <test-method signature="task4()[pri:0, instance:Automation_Testing.CRM.activity1@611889f4]" started-at="2024-06-03T20:10:39 IST" name="task4" finished-at="2024-06-03T20:10:43 IST" duration-ms="3762" status="PASS">
          <reporter-output>
          </reporter-output>
        </test-method> <!-- task4 -->
        <test-method signature="task5()[pri:0, instance:Automation_Testing.CRM.activity1@611889f4]" started-at="2024-06-03T20:10:43 IST" name="task5" finished-at="2024-06-03T20:10:46 IST" duration-ms="3566" status="PASS">
          <reporter-output>
          </reporter-output>
        </test-method> <!-- task5 -->
        <test-method signature="task6()[pri:0, instance:Automation_Testing.CRM.activity1@611889f4]" started-at="2024-06-03T20:10:46 IST" name="task6" finished-at="2024-06-03T20:10:50 IST" duration-ms="4130" status="PASS">
          <reporter-output>
          </reporter-output>
        </test-method> <!-- task6 -->
        <test-method signature="task7()[pri:0, instance:Automation_Testing.CRM.activity1@611889f4]" started-at="2024-06-03T20:10:50 IST" name="task7" finished-at="2024-06-03T20:10:54 IST" duration-ms="3791" status="PASS">
          <reporter-output>
          </reporter-output>
        </test-method> <!-- task7 -->
      </class> <!-- Automation_Testing.CRM.activity1 -->
    </test> <!-- Default test -->
  </suite> <!-- Default suite -->
</testng-results>
